нояб. 10, 2020 6:13:31 PM ru.whoisthere.utils.Logging addInfoLog
INFO: Person{name='Амиров', surname='Тимур', department='04 Инструменты'} photo downloaded
нояб. 10, 2020 6:13:31 PM ru.whoisthere.utils.Logging addInfoLog
INFO: Person{name='Бакаев', surname='Игнат', department='10 скобянные изделия'} photo downloaded
нояб. 10, 2020 6:13:32 PM ru.whoisthere.utils.Logging addInfoLog
INFO: Person{name='Барягина ', surname='Нина', department='09 Сад'} photo downloaded
нояб. 10, 2020 6:13:32 PM ru.whoisthere.utils.Logging addInfoLog
INFO: Person{name='Бетин', surname='Павел', department='03 электротовары'} photo downloaded
нояб. 10, 2020 6:13:32 PM ru.whoisthere.utils.Logging addInfoLog
INFO: Person{name='Боворовский', surname='Михаил', department='04 Инструменты'} photo downloaded
нояб. 10, 2020 6:13:32 PM ru.whoisthere.utils.Logging addInfoLog
INFO: Person{name='Богомолов', surname='Максим', department='15 Кухни'} photo downloaded
нояб. 10, 2020 6:13:32 PM ru.whoisthere.utils.Logging addInfoLog
INFO: Person{name='Большаков', surname='Николай', department='01 Стройка'} photo downloaded
нояб. 10, 2020 6:13:32 PM ru.whoisthere.utils.Logging addInfoLog
INFO: Person{name='Ботов', surname='Павел', department='01 Стройка'} photo downloaded
нояб. 10, 2020 6:13:32 PM ru.whoisthere.utils.Logging addInfoLog
INFO: Person{name='Ванюшкин', surname='Дмитрий', department='09 Сад'} photo downloaded
нояб. 10, 2020 6:13:32 PM ru.whoisthere.utils.Logging addInfoLog
INFO: Person{name='Волкова', surname='Марина', department='СПОК'} photo downloaded
нояб. 10, 2020 6:13:32 PM ru.whoisthere.utils.Logging addInfoLog
INFO: Person{name='Горобец', surname='Елена', department='СПОК'} photo downloaded
нояб. 10, 2020 6:13:33 PM ru.whoisthere.utils.Logging addInfoLog
INFO: Person{name='Грязнова', surname='Татьяна', department='СПОК'} photo downloaded
нояб. 10, 2020 6:13:33 PM ru.whoisthere.utils.Logging addInfoLog
INFO: Person{name='Гущин', surname='Виктор', department='01 Стройка'} photo downloaded
нояб. 10, 2020 6:13:33 PM ru.whoisthere.utils.Logging addInfoLog
INFO: Person{name='Еремина', surname='Полина', department='11 краски'} photo downloaded
нояб. 10, 2020 6:13:33 PM ru.whoisthere.utils.Logging addInfoLog
INFO: Person{name='Жданков', surname='Константин', department='05 Напольные покрытия'} photo downloaded
нояб. 10, 2020 6:13:33 PM ru.whoisthere.utils.Logging addInfoLog
INFO: Person{name='Игнатьева', surname='Оксана', department='07 Сантехника'} photo downloaded
нояб. 10, 2020 6:13:33 PM ru.whoisthere.utils.Logging addInfoLog
INFO: Person{name='Карпов', surname='Павел', department='09 Сад'} photo downloaded
нояб. 10, 2020 6:13:33 PM ru.whoisthere.utils.Logging addInfoLog
INFO: Person{name='Катунина', surname='Ольга', department='09 Сад'} photo downloaded
нояб. 10, 2020 6:13:33 PM ru.whoisthere.utils.Logging addInfoLog
INFO: Person{name='Квашнин', surname='Сергей', department='11 краски'} photo downloaded
нояб. 10, 2020 6:13:33 PM ru.whoisthere.utils.Logging addInfoLog
INFO: Person{name='Киргизбаев', surname='Марат', department='14 Хранение'} photo downloaded
нояб. 10, 2020 6:13:34 PM ru.whoisthere.utils.Logging addInfoLog
INFO: Person{name='Кирсанова', surname='Наталия', department='СПОК'} photo downloaded
нояб. 10, 2020 6:13:34 PM ru.whoisthere.utils.Logging addInfoLog
INFO: Person{name='Кованов', surname='Александр', department='07 Сантехника'} photo downloaded
нояб. 10, 2020 6:13:34 PM ru.whoisthere.utils.Logging addInfoLog
INFO: Person{name='Кострюков', surname='Михаил', department='07 Сантехника'} photo downloaded
нояб. 10, 2020 6:13:34 PM ru.whoisthere.utils.Logging addInfoLog
INFO: Person{name='Кочетков', surname='Александр', department='03 электротовары'} photo downloaded
нояб. 10, 2020 6:13:34 PM ru.whoisthere.utils.Logging addInfoLog
INFO: Person{name='Крайнова', surname='Алина', department='13 Освещение'} photo downloaded
нояб. 10, 2020 6:13:34 PM ru.whoisthere.utils.Logging addInfoLog
INFO: Person{name='Красных', surname='Дмитрий', department='12 Декор'} photo downloaded
нояб. 10, 2020 6:13:34 PM ru.whoisthere.utils.Logging addInfoLog
INFO: Person{name='Кривощекова', surname='Светлана', department='12 Декор'} photo downloaded
нояб. 10, 2020 6:13:35 PM ru.whoisthere.utils.Logging addInfoLog
INFO: Person{name='Кузнецова', surname='Надежда', department='СПОК'} photo downloaded
нояб. 10, 2020 6:13:35 PM ru.whoisthere.utils.Logging addInfoLog
INFO: Person{name='Купреев', surname='Петр', department='08 Водоснабжение'} photo downloaded
нояб. 10, 2020 6:13:35 PM ru.whoisthere.utils.Logging addInfoLog
INFO: Person{name='Купреев', surname='Анатолий', department='03 электротовары'} photo downloaded
нояб. 10, 2020 6:13:35 PM ru.whoisthere.utils.Logging addInfoLog
INFO: Person{name='Логинова ', surname='Наталья', department='13 Освещение'} photo downloaded
нояб. 10, 2020 6:13:35 PM ru.whoisthere.utils.Logging addInfoLog
INFO: Person{name='Логинова ', surname='Екатерина', department='01 Стройка'} photo downloaded
нояб. 10, 2020 6:13:35 PM ru.whoisthere.utils.Logging addInfoLog
INFO: Person{name='Луканов', surname='Алексей', department='01 Стройка'} photo downloaded
нояб. 10, 2020 6:13:35 PM ru.whoisthere.utils.Logging addInfoLog
INFO: Person{name='Мадаминов', surname='Равшан', department='04 Инструменты'} photo downloaded
нояб. 10, 2020 6:13:35 PM ru.whoisthere.utils.Logging addInfoLog
INFO: Person{name='Мадаминов', surname='Алишер', department='01 Стройка'} photo downloaded
нояб. 10, 2020 6:13:35 PM ru.whoisthere.utils.Logging addInfoLog
INFO: Person{name='Малышева', surname='Евгения', department='СПОК'} photo downloaded
нояб. 10, 2020 6:13:36 PM ru.whoisthere.utils.Logging addInfoLog
INFO: Person{name='Мишарина', surname='Маргарита', department='15 Кухни'} photo downloaded
нояб. 10, 2020 6:13:36 PM ru.whoisthere.utils.Logging addInfoLog
INFO: Person{name='Морозкин', surname='Дмитрий', department='04 Инструменты'} photo downloaded
нояб. 10, 2020 6:13:36 PM ru.whoisthere.utils.Logging addInfoLog
INFO: Person{name='Науменко', surname='Владислав', department='08 Водоснабжение'} photo downloaded
нояб. 10, 2020 6:13:36 PM ru.whoisthere.utils.Logging addInfoLog
INFO: Person{name='Наумова', surname='Наталья', department='02 Столярные изделия'} photo downloaded
нояб. 10, 2020 6:13:36 PM ru.whoisthere.utils.Logging addInfoLog
INFO: Person{name='Осадчий', surname='Сергей', department='02 Столярные изделия'} photo downloaded
нояб. 10, 2020 6:13:36 PM ru.whoisthere.utils.Logging addInfoLog
INFO: Person{name='Османов', surname='Шамиль', department='03 электротовары'} photo downloaded
нояб. 10, 2020 6:13:36 PM ru.whoisthere.utils.Logging addInfoLog
INFO: Person{name='Пакина', surname='Анастасия', department='04 Инструменты'} photo downloaded
нояб. 10, 2020 6:13:37 PM ru.whoisthere.utils.Logging addInfoLog
INFO: Person{name='Петров ', surname='Александр', department='02 Столярные изделия'} photo downloaded
нояб. 10, 2020 6:13:37 PM ru.whoisthere.utils.Logging addInfoLog
INFO: Person{name='Петрунина', surname='Татьяна', department='02 Столярные изделия'} photo downloaded
нояб. 10, 2020 6:13:37 PM ru.whoisthere.utils.Logging addInfoLog
INFO: Person{name='Петрухина', surname='Анна', department='12 Декор'} photo downloaded
нояб. 10, 2020 6:13:37 PM ru.whoisthere.utils.Logging addInfoLog
INFO: Person{name='Писанов', surname='Вячеслав', department='01 Стройка'} photo downloaded
нояб. 10, 2020 6:13:37 PM ru.whoisthere.utils.Logging addInfoLog
INFO: Person{name='Потоцкий', surname='Александр', department='01 Стройка'} photo downloaded
нояб. 10, 2020 6:13:37 PM ru.whoisthere.utils.Logging addInfoLog
INFO: Person{name='Радюшин', surname='Артем', department='02 Столярные изделия'} photo downloaded
нояб. 10, 2020 6:13:37 PM ru.whoisthere.utils.Logging addInfoLog
INFO: Person{name='Репьев', surname='Валерий', department='03 электротовары'} photo downloaded
нояб. 10, 2020 6:13:37 PM ru.whoisthere.utils.Logging addInfoLog
INFO: Person{name='Романов', surname='Артем', department='06 плитка'} photo downloaded
нояб. 10, 2020 6:13:37 PM ru.whoisthere.utils.Logging addInfoLog
INFO: Person{name='Селина', surname='Наталья', department='07 Сантехника'} photo downloaded
нояб. 10, 2020 6:13:38 PM ru.whoisthere.utils.Logging addInfoLog
INFO: Person{name='Сидоров', surname='Анатолий', department='04 Инструменты'} photo downloaded
нояб. 10, 2020 6:13:38 PM ru.whoisthere.utils.Logging addInfoLog
INFO: Person{name='Смирнова', surname='Екатерина', department='СПОК'} photo downloaded
нояб. 10, 2020 6:13:38 PM ru.whoisthere.utils.Logging addInfoLog
INFO: Person{name='Тимофеева', surname='Александра', department='12 Декор'} photo downloaded
нояб. 10, 2020 6:13:38 PM ru.whoisthere.utils.Logging addInfoLog
INFO: Person{name='Трактин', surname='Александр', department='06 плитка'} photo downloaded
нояб. 10, 2020 6:13:38 PM ru.whoisthere.utils.Logging addInfoLog
INFO: Person{name='Турова', surname='Татьяна', department='СПОК'} photo downloaded
нояб. 10, 2020 6:13:38 PM ru.whoisthere.utils.Logging addInfoLog
INFO: Person{name='Флегонтова', surname='Ирина', department='07 Сантехника'} photo downloaded
нояб. 10, 2020 6:13:38 PM ru.whoisthere.utils.Logging addInfoLog
INFO: Person{name='Хрестина', surname='Валерия', department='СПОК'} photo downloaded
нояб. 10, 2020 6:13:38 PM ru.whoisthere.utils.Logging addInfoLog
INFO: Person{name='Царегородцев', surname='Даниил', department='09 Сад'} photo downloaded
нояб. 10, 2020 6:13:38 PM ru.whoisthere.utils.Logging addInfoLog
INFO: Person{name='Чебыкина', surname='Светлана', department='СПОК'} photo downloaded
нояб. 10, 2020 6:13:39 PM ru.whoisthere.utils.Logging addInfoLog
INFO: Person{name='Челноков', surname='Александр', department='03 электротовары'} photo downloaded
нояб. 10, 2020 6:13:39 PM ru.whoisthere.utils.Logging addInfoLog
INFO: Person{name='Чережонова', surname='Ксения', department='СПОК'} photo downloaded
нояб. 10, 2020 6:13:39 PM ru.whoisthere.utils.Logging addInfoLog
INFO: Person{name='Шемитова', surname='Анна', department='05 Напольные покрытия'} photo downloaded
нояб. 10, 2020 6:13:39 PM ru.whoisthere.utils.Logging addInfoLog
INFO: Person{name='Шишкин', surname='Сергей', department='07 Сантехника'} photo downloaded
нояб. 10, 2020 6:13:39 PM ru.whoisthere.utils.Logging addInfoLog
INFO: Person{name='Щурина', surname='Ольга', department='11 краски'} photo downloaded
нояб. 10, 2020 6:13:39 PM ru.whoisthere.utils.Logging addInfoLog
INFO: ***Personn photos loaded to cache***
нояб. 10, 2020 6:13:39 PM ru.whoisthere.utils.Logging addInfoLog
INFO: Employee data is received. 66 records.
нояб. 10, 2020 6:13:39 PM ru.whoisthere.utils.Logging addInfoLog
INFO: Data is loaded in 8395 ms.
нояб. 10, 2020 6:13:39 PM ru.whoisthere.utils.Logging addInfoLog
INFO: Interface updated for: 131 ms.
нояб. 10, 2020 6:13:39 PM ru.whoisthere.utils.Logging addInfoLog
INFO: Settings file doors.txt read.
нояб. 10, 2020 6:13:39 PM ru.whoisthere.utils.Logging addInfoLog
INFO: Employee data is received. 66 records.
нояб. 10, 2020 6:13:39 PM ru.whoisthere.utils.Logging addInfoLog
INFO: Data is loaded in 70 ms.
нояб. 10, 2020 6:13:39 PM ru.whoisthere.utils.Logging addInfoLog
INFO: Interface updated for: 32 ms.
нояб. 10, 2020 6:13:41 PM ru.whoisthere.utils.Logging addInfoLog
INFO: Settings file doors.txt read.
нояб. 10, 2020 6:13:41 PM ru.whoisthere.utils.Logging addInfoLog
INFO: Employee data is received. 66 records.
нояб. 10, 2020 6:13:41 PM ru.whoisthere.utils.Logging addInfoLog
INFO: Data is loaded in 61 ms.
нояб. 10, 2020 6:13:41 PM ru.whoisthere.utils.Logging addInfoLog
INFO: Interface updated for: 42 ms.
нояб. 10, 2020 6:13:46 PM ru.whoisthere.utils.Logging addInfoLog
INFO: Settings file doors.txt read.
нояб. 10, 2020 6:13:46 PM ru.whoisthere.utils.Logging addInfoLog
INFO: Employee data is received. 66 records.
нояб. 10, 2020 6:13:46 PM ru.whoisthere.utils.Logging addInfoLog
INFO: Data is loaded in 62 ms.
нояб. 10, 2020 6:13:46 PM ru.whoisthere.utils.Logging addInfoLog
INFO: Interface updated for: 18 ms.
нояб. 10, 2020 6:13:51 PM ru.whoisthere.utils.Logging addInfoLog
INFO: Settings file doors.txt read.
нояб. 10, 2020 6:13:51 PM ru.whoisthere.utils.Logging addInfoLog
INFO: Employee data is received. 66 records.
нояб. 10, 2020 6:13:51 PM ru.whoisthere.utils.Logging addInfoLog
INFO: Data is loaded in 66 ms.
нояб. 10, 2020 6:13:51 PM ru.whoisthere.utils.Logging addInfoLog
INFO: Interface updated for: 19 ms.
нояб. 10, 2020 6:13:56 PM ru.whoisthere.utils.Logging addInfoLog
INFO: Settings file doors.txt read.
нояб. 10, 2020 6:13:56 PM ru.whoisthere.utils.Logging addInfoLog
INFO: Employee data is received. 66 records.
нояб. 10, 2020 6:13:56 PM ru.whoisthere.utils.Logging addInfoLog
INFO: Data is loaded in 61 ms.
нояб. 10, 2020 6:13:56 PM ru.whoisthere.utils.Logging addInfoLog
INFO: Interface updated for: 31 ms.
нояб. 10, 2020 6:14:01 PM ru.whoisthere.utils.Logging addInfoLog
INFO: Settings file doors.txt read.
нояб. 10, 2020 6:14:01 PM ru.whoisthere.utils.Logging addInfoLog
INFO: Employee data is received. 66 records.
нояб. 10, 2020 6:14:01 PM ru.whoisthere.utils.Logging addInfoLog
INFO: Data is loaded in 58 ms.
нояб. 10, 2020 6:14:01 PM ru.whoisthere.utils.Logging addInfoLog
INFO: Interface updated for: 11 ms.
нояб. 10, 2020 6:14:06 PM ru.whoisthere.utils.Logging addInfoLog
INFO: Settings file doors.txt read.
нояб. 10, 2020 6:14:06 PM ru.whoisthere.utils.Logging addInfoLog
INFO: Employee data is received. 66 records.
нояб. 10, 2020 6:14:06 PM ru.whoisthere.utils.Logging addInfoLog
INFO: Data is loaded in 60 ms.
нояб. 10, 2020 6:14:06 PM ru.whoisthere.utils.Logging addInfoLog
INFO: Interface updated for: 14 ms.
нояб. 10, 2020 6:14:11 PM ru.whoisthere.utils.Logging addInfoLog
INFO: Settings file doors.txt read.
нояб. 10, 2020 6:14:11 PM ru.whoisthere.utils.Logging addInfoLog
INFO: Employee data is received. 66 records.
нояб. 10, 2020 6:14:11 PM ru.whoisthere.utils.Logging addInfoLog
INFO: Data is loaded in 64 ms.
нояб. 10, 2020 6:14:11 PM ru.whoisthere.utils.Logging addInfoLog
INFO: Interface updated for: 11 ms.
нояб. 10, 2020 6:14:16 PM ru.whoisthere.utils.Logging addInfoLog
INFO: Settings file doors.txt read.
нояб. 10, 2020 6:14:16 PM ru.whoisthere.utils.Logging addInfoLog
INFO: Employee data is received. 66 records.
нояб. 10, 2020 6:14:16 PM ru.whoisthere.utils.Logging addInfoLog
INFO: Data is loaded in 61 ms.
нояб. 10, 2020 6:14:16 PM ru.whoisthere.utils.Logging addInfoLog
INFO: Interface updated for: 9 ms.
нояб. 10, 2020 6:14:21 PM ru.whoisthere.utils.Logging addInfoLog
INFO: Settings file doors.txt read.
нояб. 10, 2020 6:14:21 PM ru.whoisthere.utils.Logging addInfoLog
INFO: Employee data is received. 66 records.
нояб. 10, 2020 6:14:21 PM ru.whoisthere.utils.Logging addInfoLog
INFO: Data is loaded in 63 ms.
нояб. 10, 2020 6:14:21 PM ru.whoisthere.utils.Logging addInfoLog
INFO: Interface updated for: 7 ms.
нояб. 10, 2020 6:14:26 PM ru.whoisthere.utils.Logging addInfoLog
INFO: Settings file doors.txt read.
нояб. 10, 2020 6:14:26 PM ru.whoisthere.utils.Logging addInfoLog
INFO: Employee data is received. 66 records.
нояб. 10, 2020 6:14:26 PM ru.whoisthere.utils.Logging addInfoLog
INFO: Data is loaded in 59 ms.
нояб. 10, 2020 6:14:26 PM ru.whoisthere.utils.Logging addInfoLog
INFO: Interface updated for: 6 ms.
нояб. 10, 2020 6:14:31 PM ru.whoisthere.utils.Logging addInfoLog
INFO: Settings file doors.txt read.
нояб. 10, 2020 6:14:31 PM ru.whoisthere.utils.Logging addInfoLog
INFO: Employee data is received. 66 records.
нояб. 10, 2020 6:14:31 PM ru.whoisthere.utils.Logging addInfoLog
INFO: Data is loaded in 63 ms.
нояб. 10, 2020 6:14:31 PM ru.whoisthere.utils.Logging addInfoLog
INFO: Interface updated for: 7 ms.
нояб. 10, 2020 6:14:36 PM ru.whoisthere.utils.Logging addInfoLog
INFO: Settings file doors.txt read.
нояб. 10, 2020 6:14:36 PM ru.whoisthere.utils.Logging addInfoLog
INFO: Employee data is received. 66 records.
нояб. 10, 2020 6:14:36 PM ru.whoisthere.utils.Logging addInfoLog
INFO: Data is loaded in 58 ms.
нояб. 10, 2020 6:14:36 PM ru.whoisthere.utils.Logging addInfoLog
INFO: Interface updated for: 7 ms.
нояб. 10, 2020 6:14:41 PM ru.whoisthere.utils.Logging addInfoLog
INFO: Settings file doors.txt read.
нояб. 10, 2020 6:14:41 PM ru.whoisthere.utils.Logging addInfoLog
INFO: Employee data is received. 66 records.
нояб. 10, 2020 6:14:41 PM ru.whoisthere.utils.Logging addInfoLog
INFO: Data is loaded in 76 ms.
нояб. 10, 2020 6:14:41 PM ru.whoisthere.utils.Logging addInfoLog
INFO: Interface updated for: 7 ms.
нояб. 10, 2020 6:14:46 PM ru.whoisthere.utils.Logging addInfoLog
INFO: Settings file doors.txt read.
нояб. 10, 2020 6:14:46 PM ru.whoisthere.utils.Logging addInfoLog
INFO: Employee data is received. 66 records.
нояб. 10, 2020 6:14:46 PM ru.whoisthere.utils.Logging addInfoLog
INFO: Data is loaded in 58 ms.
нояб. 10, 2020 6:14:46 PM ru.whoisthere.utils.Logging addInfoLog
INFO: Interface updated for: 6 ms.
нояб. 10, 2020 6:14:51 PM ru.whoisthere.utils.Logging addInfoLog
INFO: Settings file doors.txt read.
нояб. 10, 2020 6:14:51 PM ru.whoisthere.utils.Logging addInfoLog
INFO: Employee data is received. 66 records.
нояб. 10, 2020 6:14:51 PM ru.whoisthere.utils.Logging addInfoLog
INFO: Data is loaded in 62 ms.
нояб. 10, 2020 6:14:51 PM ru.whoisthere.utils.Logging addInfoLog
INFO: Interface updated for: 5 ms.
